<?xml version="1.0" encoding="UTF-8"?>
<!-- Generated by org.testng.reporters.JUnitReportReporter -->
<testsuite hostname="ASUS-VIVOS15" failures="0" tests="3" name="APIProject.RestAssured.CurrencyApiTest" time="8.078" errors="0" timestamp="2023-12-27T14:28:30 IST" skipped="0">
  <testcase classname="APIProject.RestAssured.CurrencyApiTest" name="testCurrencyApi" time="0.729"/>
  <testcase classname="APIProject.RestAssured.CurrencyApiTest" name="testCurrencyApi" time="1.146"/>
  <testcase classname="APIProject.RestAssured.CurrencyApiTest" name="testCurrencyApi" time="6.203"/>
</testsuite> <!-- APIProject.RestAssured.CurrencyApiTest -->
